Release 14.4 - xst P.49d (lin64)
Copyright (c) 1995-2012 Xilinx, Inc.  All rights reserved.
--> 
Parameter TMPDIR set to xst/projnav.tmp


Total REAL time to Xst completion: 1.00 secs
Total CPU time to Xst completion: 0.05 secs
 
--> 
Parameter xsthdpdir set to xst


Total REAL time to Xst completion: 1.00 secs
Total CPU time to Xst completion: 0.05 secs
 
--> 
Reading design: Decoded2BitCounter.prj

TABLE OF CONTENTS
  1) Synthesis Options Summary
  2) HDL Compilation
  3) Design Hierarchy Analysis
  4) HDL Analysis
  5) HDL Synthesis
     5.1) HDL Synthesis Report
  6) Advanced HDL Synthesis
     6.1) Advanced HDL Synthesis Report
  7) Low Level Synthesis
  8) Partition Report
  9) Final Report
	9.1) Device utilization summary
	9.2) Partition Resource Summary
	9.3) TIMING REPORT


=========================================================================
*                      Synthesis Options Summary                        *
=========================================================================
---- Source Parameters
Input File Name                    : "Decoded2BitCounter.prj"
Input Format                       : mixed
Ignore Synthesis Constraint File   : NO

---- Target Parameters
Output File Name                   : "Decoded2BitCounter"
Output Format                      : NGC
Target Device                      : xc3s500e-4-ft256

---- Source Options
Top Module Name                    : Decoded2BitCounter
Automatic FSM Extraction           : YES
FSM Encoding Algorithm             : Auto
Safe Implementation                : No
FSM Style                          : LUT
RAM Extraction                     : Yes
RAM Style                          : Auto
ROM Extraction                     : Yes
Mux Style                          : Auto
Decoder Extraction                 : YES
Priority Encoder Extraction        : Yes
Shift Register Extraction          : YES
Logical Shifter Extraction         : YES
XOR Collapsing                     : YES
ROM Style                          : Auto
Mux Extraction                     : Yes
Resource Sharing                   : YES
Asynchronous To Synchronous        : NO
Multiplier Style                   : Auto
Automatic Register Balancing       : No

---- Target Options
Add IO Buffers                     : YES
Global Maximum Fanout              : 100000
Add Generic Clock Buffer(BUFG)     : 24
Register Duplication               : YES
Slice Packing                      : YES
Optimize Instantiated Primitives   : NO
Use Clock Enable                   : Yes
Use Synchronous Set                : Yes
Use Synchronous Reset              : Yes
Pack IO Registers into IOBs        : Auto
Equivalent register Removal        : YES

---- General Options
Optimization Goal                  : Speed
Optimization Effort                : 1
Keep Hierarchy                     : No
Netlist Hierarchy                  : As_Optimized
RTL Output                         : Yes
Global Optimization                : AllClockNets
Read Cores                         : YES
Write Timing Constraints           : NO
Cross Clock Analysis               : NO
Hierarchy Separator                : /
Bus Delimiter                      : <>
Case Specifier                     : Maintain
Slice Utilization Ratio            : 100
BRAM Utilization Ratio             : 100
Verilog 2001                       : YES
Auto BRAM Packing                  : NO
Slice Utilization Ratio Delta      : 5

=========================================================================


=========================================================================
*                          HDL Compilation                              *
=========================================================================
Compiling vhdl file "/home/danrwhitcomb/Documents/Lab3/Decoded2BitCounter.vhd" in Library work.
Entity <decoded2bitcounter> compiled.
Entity <decoded2bitcounter> (Architecture <behavioral>) compiled.

=========================================================================
*                     Design Hierarchy Analysis                         *
=========================================================================
Analyzing hierarchy for entity <Decoded2BitCounter> in library <work> (architecture <behavioral>).


=========================================================================
*                            HDL Analysis                               *
=========================================================================
Analyzing Entity <Decoded2BitCounter> in library <work> (Architecture <behavioral>).
Entity <Decoded2BitCounter> analyzed. Unit <Decoded2BitCounter> generated.


=========================================================================
*                           HDL Synthesis                               *
=========================================================================

Performing bidirectional port resolution...

Synthesizing Unit <Decoded2BitCounter>.
    Related source file is "/home/danrwhitcomb/Documents/Lab3/Decoded2BitCounter.vhd".
    Found finite state machine <FSM_0> for signal <state>.
    -----------------------------------------------------------------------
    | States             | 4                                              |
    | Transitions        | 4                                              |
    | Inputs             | 0                                              |
    | Outputs            | 6                                              |
    | Clock              | CE                        (rising_edge)        |
    | Power Up State     | a0                                             |
    | Encoding           | automatic                                      |
    | Implementation     | LUT                                            |
    -----------------------------------------------------------------------
    Summary:
	inferred   1 Finite State Machine(s).
Unit <Decoded2BitCounter> synthesized.


=========================================================================
HDL Synthesis Report

Found no macro
=========================================================================

=========================================================================
*                       Advanced HDL Synthesis                          *
=========================================================================

Analyzing FSM <FSM_0> for best encoding.
Optimizing FSM <state/FSM> on signal <state[1:4]> with one-hot encoding.
-------------------
 State | Encoding
-------------------
 a0    | 0001
 a1    | 0010
 a2    | 0100
 a3    | 1000
-------------------

=========================================================================
Advanced HDL Synthesis Report

Macro Statistics
# FSMs                                                 : 1

=========================================================================

=========================================================================
*                         Low Level Synthesis                           *
=========================================================================

Optimizing unit <Decoded2BitCounter> ...

Mapping all equations...
Building and optimizing final netlist ...
Found area constraint ratio of 100 (+ 5) on block Decoded2BitCounter, actual ratio is 0.

Final Macro Processing ...

=========================================================================
Final Register Report

Macro Statistics
# Registers                                            : 4
 Flip-Flops                                            : 4

=========================================================================

=========================================================================
*                           Partition Report                            *
=========================================================================

Partition Implementation Status
-------------------------------

  No Partitions were found in this design.

-------------------------------

=========================================================================
*                            Final Report                               *
=========================================================================
Final Results
RTL Top Level Output File Name     : Decoded2BitCounter.ngr
Top Level Output File Name         : Decoded2BitCounter
Output Format                      : NGC
Optimization Goal                  : Speed
Keep Hierarchy                     : No

Design Statistics
# IOs                              : 7

Cell Usage :
# BELS                             : 6
#      INV                         : 4
#      LUT2                        : 2
# FlipFlops/Latches                : 4
#      FD                          : 4
# Clock Buffers                    : 1
#      BUFGP                       : 1
# IO Buffers                       : 6
#      OBUF                        : 6
=========================================================================

Device utilization summary:
---------------------------

Selected Device : 3s500eft256-4 

 Number of Slices:                        3  out of   4656     0%  
 Number of Slice Flip Flops:              4  out of   9312     0%  
 Number of 4 input LUTs:                  6  out of   9312     0%  
 Number of IOs:                           7
 Number of bonded IOBs:                   7  out of    190     3%  
 Number of GCLKs:                         1  out of     24     4%  

---------------------------
Partition Resource Summary:
---------------------------

  No Partitions were found in this design.

---------------------------


=========================================================================
TIMING REPORT

NOTE: THESE TIMING NUMBERS ARE ONLY A SYNTHESIS ESTIMATE.
      FOR ACCURATE TIMING INFORMATION PLEASE REFER TO THE TRACE REPORT
      GENERATED AFTER PLACE-and-ROUTE.

Clock Information:
------------------
-----------------------------------+------------------------+-------+
Clock Signal                       | Clock buffer(FF name)  | Load  |
-----------------------------------+------------------------+-------+
CE                                 | BUFGP                  | 4     |
-----------------------------------+------------------------+-------+

Asynchronous Control Signals Information:
----------------------------------------
No asynchronous control signals found in this design

Timing Summary:
---------------
Speed Grade: -4

   Minimum period: 1.486ns (Maximum Frequency: 672.948MHz)
   Minimum input arrival time before clock: No path found
   Maximum output required time after clock: 5.749ns
   Maximum combinational path delay: No path found

Timing Detail:
--------------
All values displayed in nanoseconds (ns)

=========================================================================
Timing constraint: Default period analysis for Clock 'CE'
  Clock period: 1.486ns (frequency: 672.948MHz)
  Total number of paths / destination ports: 4 / 4
-------------------------------------------------------------------------
Delay:               1.486ns (Levels of Logic = 0)
  Source:            state_FSM_FFd1 (FF)
  Destination:       state_FSM_FFd4 (FF)
  Source Clock:      CE rising
  Destination Clock: CE rising

  Data Path: state_FSM_FFd1 to state_FSM_FFd4
                                Gate     Net
    Cell:in->out      fanout   Delay   Delay  Logical Name (Net Name)
    ----------------------------------------  ------------
     FD:C->Q               4   0.591   0.587  state_FSM_FFd1 (state_FSM_FFd1)
     FD:D                      0.308          state_FSM_FFd4
    ----------------------------------------
    Total                      1.486ns (0.899ns logic, 0.587ns route)
                                       (60.5% logic, 39.5% route)

=========================================================================
Timing constraint: Default OFFSET OUT AFTER for Clock 'CE'
  Total number of paths / destination ports: 8 / 6
-------------------------------------------------------------------------
Offset:              5.749ns (Levels of Logic = 2)
  Source:            state_FSM_FFd1 (FF)
  Destination:       sel<1> (PAD)
  Source Clock:      CE rising

  Data Path: state_FSM_FFd1 to sel<1>
                                Gate     Net
    Cell:in->out      fanout   Delay   Delay  Logical Name (Net Name)
    ----------------------------------------  ------------
     FD:C->Q               4   0.591   0.762  state_FSM_FFd1 (state_FSM_FFd1)
     LUT2:I0->O            1   0.704   0.420  state_FSM_Out51 (sel_0_OBUF)
     OBUF:I->O                 3.272          sel_0_OBUF (sel<0>)
    ----------------------------------------
    Total                      5.749ns (4.567ns logic, 1.182ns route)
                                       (79.4% logic, 20.6% route)

=========================================================================


Total REAL time to Xst completion: 4.00 secs
Total CPU time to Xst completion: 3.69 secs
 
--> 


Total memory usage is 515820 kilobytes

Number of errors   :    0 (   0 filtered)
Number of warnings :    0 (   0 filtered)
Number of infos    :    0 (   0 filtered)

